2024-07-30 09:15:01.495  WARN THV --- [           main] trationDelegate$BeanPostProcessorChecker : Bean 'org.springframework.ws.config.annotation.DelegatingWsConfiguration' of type [org.springframework.ws.config.annotation.DelegatingWsConfiguration$$SpringCGLIB$$0] is not eligible for getting processed by all BeanPostProcessors (for example: not eligible for auto-proxying). The currently created BeanPostProcessor [annotationActionEndpointMapping] is declared through a non-static factory method on that class; consider declaring it as static instead.
2024-07-30 09:15:03.652  WARN THV --- [           main] o.h.o.deprecation                        : HHH90000025: PostgreSQLDialect does not need to be specified explicitly using 'hibernate.dialect' (remove the property setting and it will be selected by default)
2024-07-30 09:15:13.598  WARN THV --- [           main] JpaBaseConfiguration$JpaWebConfiguration : spring.jpa.open-in-view is enabled by default. Therefore, database queries may be performed during view rendering. Explicitly configure spring.jpa.open-in-view to disable this warning
2024-07-30 09:15:13.660  WARN THV --- [           main] r$InitializeUserDetailsManagerConfigurer : Global AuthenticationManager configured with an AuthenticationProvider bean. UserDetailsService beans will not be used for username/password login. Consider removing the AuthenticationProvider bean. Alternatively, consider using the UserDetailsService in a manually instantiated DaoAuthenticationProvider.
2024-07-30 09:15:19.098  WARN THV --- [           main] o.s.w.s.PageNotFound                     : No mapping for POST /api/feedback/create-feedback
2024-07-30 09:15:19.098  WARN THV --- [           main] o.s.w.s.PageNotFound                     : No endpoint POST /api/feedback/create-feedback.
2024-07-30 09:15:19.114  WARN THV --- [           main] o.s.w.s.PageNotFound                     : No mapping for GET /api/feedback/read-feedback
2024-07-30 09:15:19.114  WARN THV --- [           main] o.s.w.s.PageNotFound                     : No endpoint GET /api/feedback/read-feedback.
2024-07-30 09:15:19.114  WARN THV --- [           main] o.s.w.s.PageNotFound                     : No mapping for DELETE /api/feedback/delete-feedback/1
2024-07-30 09:15:19.114  WARN THV --- [           main] o.s.w.s.PageNotFound                     : No endpoint DELETE /api/feedback/delete-feedback/1.
2024-07-30 09:15:19.130  WARN THV --- [           main] o.s.w.s.PageNotFound                     : No mapping for GET /api/feedback/read-feedback-by-course/1
2024-07-30 09:15:19.130  WARN THV --- [           main] o.s.w.s.PageNotFound                     : No endpoint GET /api/feedback/read-feedback-by-course/1.
2024-07-30 09:15:20.820  WARN THV --- [           main] o.s.w.s.PageNotFound                     : No mapping for POST /api/subscriptions/view-sub
2024-07-30 09:15:20.820  WARN THV --- [           main] o.s.w.s.PageNotFound                     : No endpoint POST /api/subscriptions/view-sub.
2024-07-30 09:15:51.050  WARN THV --- [ionShutdownHook] c.z.h.p.HikariPool                       : Timed-out waiting for add connection executor to shutdown
2024-07-30 09:28:49.347  WARN THV --- [           main] trationDelegate$BeanPostProcessorChecker : Bean 'org.springframework.ws.config.annotation.DelegatingWsConfiguration' of type [org.springframework.ws.config.annotation.DelegatingWsConfiguration$$SpringCGLIB$$0] is not eligible for getting processed by all BeanPostProcessors (for example: not eligible for auto-proxying). The currently created BeanPostProcessor [annotationActionEndpointMapping] is declared through a non-static factory method on that class; consider declaring it as static instead.
2024-07-30 09:28:51.423  WARN THV --- [           main] o.h.o.deprecation                        : HHH90000025: PostgreSQLDialect does not need to be specified explicitly using 'hibernate.dialect' (remove the property setting and it will be selected by default)
2024-07-30 09:29:04.214  WARN THV --- [           main] JpaBaseConfiguration$JpaWebConfiguration : spring.jpa.open-in-view is enabled by default. Therefore, database queries may be performed during view rendering. Explicitly configure spring.jpa.open-in-view to disable this warning
2024-07-30 09:29:04.270  WARN THV --- [           main] r$InitializeUserDetailsManagerConfigurer : Global AuthenticationManager configured with an AuthenticationProvider bean. UserDetailsService beans will not be used for username/password login. Consider removing the AuthenticationProvider bean. Alternatively, consider using the UserDetailsService in a manually instantiated DaoAuthenticationProvider.
2024-07-30 09:29:09.158  WARN THV --- [           main] o.s.w.s.PageNotFound                     : No mapping for POST /api/feedback/create-feedback
2024-07-30 09:29:09.158  WARN THV --- [           main] o.s.w.s.PageNotFound                     : No endpoint POST /api/feedback/create-feedback.
2024-07-30 09:29:09.174  WARN THV --- [           main] o.s.w.s.PageNotFound                     : No mapping for GET /api/feedback/read-feedback
2024-07-30 09:29:09.174  WARN THV --- [           main] o.s.w.s.PageNotFound                     : No endpoint GET /api/feedback/read-feedback.
2024-07-30 09:29:09.190  WARN THV --- [           main] o.s.w.s.PageNotFound                     : No mapping for DELETE /api/feedback/delete-feedback/1
2024-07-30 09:29:09.190  WARN THV --- [           main] o.s.w.s.PageNotFound                     : No endpoint DELETE /api/feedback/delete-feedback/1.
2024-07-30 09:29:09.190  WARN THV --- [           main] o.s.w.s.PageNotFound                     : No mapping for GET /api/feedback/read-feedback-by-course/1
2024-07-30 09:29:09.190  WARN THV --- [           main] o.s.w.s.PageNotFound                     : No endpoint GET /api/feedback/read-feedback-by-course/1.
2024-07-30 09:29:10.759  WARN THV --- [           main] o.s.w.s.PageNotFound                     : No mapping for POST /api/subscriptions/view-sub
2024-07-30 09:29:10.759  WARN THV --- [           main] o.s.w.s.PageNotFound                     : No endpoint POST /api/subscriptions/view-sub.
2024-07-30 09:49:40.719  WARN THV --- [           main] trationDelegate$BeanPostProcessorChecker : Bean 'org.springframework.ws.config.annotation.DelegatingWsConfiguration' of type [org.springframework.ws.config.annotation.DelegatingWsConfiguration$$SpringCGLIB$$0] is not eligible for getting processed by all BeanPostProcessors (for example: not eligible for auto-proxying). The currently created BeanPostProcessor [annotationActionEndpointMapping] is declared through a non-static factory method on that class; consider declaring it as static instead.
2024-07-30 09:49:42.016  WARN THV --- [           main] o.h.o.deprecation                        : HHH90000025: PostgreSQLDialect does not need to be specified explicitly using 'hibernate.dialect' (remove the property setting and it will be selected by default)
2024-07-30 09:49:47.803  WARN THV --- [           main] JpaBaseConfiguration$JpaWebConfiguration : spring.jpa.open-in-view is enabled by default. Therefore, database queries may be performed during view rendering. Explicitly configure spring.jpa.open-in-view to disable this warning
2024-07-30 09:49:47.850  WARN THV --- [           main] r$InitializeUserDetailsManagerConfigurer : Global AuthenticationManager configured with an AuthenticationProvider bean. UserDetailsService beans will not be used for username/password login. Consider removing the AuthenticationProvider bean. Alternatively, consider using the UserDetailsService in a manually instantiated DaoAuthenticationProvider.
2024-07-30 09:49:51.566  WARN THV --- [           main] o.s.w.s.PageNotFound                     : No mapping for POST /api/feedback/create-feedback
2024-07-30 09:49:51.566  WARN THV --- [           main] o.s.w.s.PageNotFound                     : No endpoint POST /api/feedback/create-feedback.
2024-07-30 09:49:51.582  WARN THV --- [           main] o.s.w.s.PageNotFound                     : No mapping for GET /api/feedback/read-feedback
2024-07-30 09:49:51.582  WARN THV --- [           main] o.s.w.s.PageNotFound                     : No endpoint GET /api/feedback/read-feedback.
2024-07-30 09:49:51.582  WARN THV --- [           main] o.s.w.s.PageNotFound                     : No mapping for DELETE /api/feedback/delete-feedback/1
2024-07-30 09:49:51.582  WARN THV --- [           main] o.s.w.s.PageNotFound                     : No endpoint DELETE /api/feedback/delete-feedback/1.
2024-07-30 09:49:51.599  WARN THV --- [           main] o.s.w.s.PageNotFound                     : No mapping for GET /api/feedback/read-feedback-by-course/1
2024-07-30 09:49:51.599  WARN THV --- [           main] o.s.w.s.PageNotFound                     : No endpoint GET /api/feedback/read-feedback-by-course/1.
2024-07-30 09:49:53.167  WARN THV --- [           main] o.s.w.s.PageNotFound                     : No mapping for POST /api/subscriptions/view-sub
2024-07-30 09:49:53.167  WARN THV --- [           main] o.s.w.s.PageNotFound                     : No endpoint POST /api/subscriptions/view-sub.
2024-07-30 09:51:47.008  WARN THV --- [           main] trationDelegate$BeanPostProcessorChecker : Bean 'org.springframework.ws.config.annotation.DelegatingWsConfiguration' of type [org.springframework.ws.config.annotation.DelegatingWsConfiguration$$SpringCGLIB$$0] is not eligible for getting processed by all BeanPostProcessors (for example: not eligible for auto-proxying). The currently created BeanPostProcessor [annotationActionEndpointMapping] is declared through a non-static factory method on that class; consider declaring it as static instead.
2024-07-30 09:51:47.759  WARN THV --- [           main] o.h.o.deprecation                        : HHH90000025: PostgreSQLDialect does not need to be specified explicitly using 'hibernate.dialect' (remove the property setting and it will be selected by default)
2024-07-30 09:51:52.607  WARN THV --- [           main] JpaBaseConfiguration$JpaWebConfiguration : spring.jpa.open-in-view is enabled by default. Therefore, database queries may be performed during view rendering. Explicitly configure spring.jpa.open-in-view to disable this warning
2024-07-30 09:51:52.654  WARN THV --- [           main] r$InitializeUserDetailsManagerConfigurer : Global AuthenticationManager configured with an AuthenticationProvider bean. UserDetailsService beans will not be used for username/password login. Consider removing the AuthenticationProvider bean. Alternatively, consider using the UserDetailsService in a manually instantiated DaoAuthenticationProvider.
2024-07-30 09:51:55.764  WARN THV --- [           main] o.s.w.s.PageNotFound                     : No mapping for POST /api/feedback/create-feedback
2024-07-30 09:51:55.764  WARN THV --- [           main] o.s.w.s.PageNotFound                     : No endpoint POST /api/feedback/create-feedback.
2024-07-30 09:51:55.781  WARN THV --- [           main] o.s.w.s.PageNotFound                     : No mapping for GET /api/feedback/read-feedback
2024-07-30 09:51:55.781  WARN THV --- [           main] o.s.w.s.PageNotFound                     : No endpoint GET /api/feedback/read-feedback.
2024-07-30 09:51:55.781  WARN THV --- [           main] o.s.w.s.PageNotFound                     : No mapping for DELETE /api/feedback/delete-feedback/1
2024-07-30 09:51:55.781  WARN THV --- [           main] o.s.w.s.PageNotFound                     : No endpoint DELETE /api/feedback/delete-feedback/1.
2024-07-30 09:51:55.797  WARN THV --- [           main] o.s.w.s.PageNotFound                     : No mapping for GET /api/feedback/read-feedback-by-course/1
2024-07-30 09:51:55.797  WARN THV --- [           main] o.s.w.s.PageNotFound                     : No endpoint GET /api/feedback/read-feedback-by-course/1.
2024-07-30 09:51:57.287  WARN THV --- [           main] o.s.w.s.PageNotFound                     : No mapping for POST /api/subscriptions/view-sub
2024-07-30 09:51:57.287  WARN THV --- [           main] o.s.w.s.PageNotFound                     : No endpoint POST /api/subscriptions/view-sub.
2024-07-30 09:57:28.801  WARN THV --- [           main] trationDelegate$BeanPostProcessorChecker : Bean 'org.springframework.ws.config.annotation.DelegatingWsConfiguration' of type [org.springframework.ws.config.annotation.DelegatingWsConfiguration$$SpringCGLIB$$0] is not eligible for getting processed by all BeanPostProcessors (for example: not eligible for auto-proxying). The currently created BeanPostProcessor [annotationActionEndpointMapping] is declared through a non-static factory method on that class; consider declaring it as static instead.
2024-07-30 09:57:30.052  WARN THV --- [           main] o.h.o.deprecation                        : HHH90000025: PostgreSQLDialect does not need to be specified explicitly using 'hibernate.dialect' (remove the property setting and it will be selected by default)
2024-07-30 09:57:35.811  WARN THV --- [           main] JpaBaseConfiguration$JpaWebConfiguration : spring.jpa.open-in-view is enabled by default. Therefore, database queries may be performed during view rendering. Explicitly configure spring.jpa.open-in-view to disable this warning
2024-07-30 09:57:35.873  WARN THV --- [           main] r$InitializeUserDetailsManagerConfigurer : Global AuthenticationManager configured with an AuthenticationProvider bean. UserDetailsService beans will not be used for username/password login. Consider removing the AuthenticationProvider bean. Alternatively, consider using the UserDetailsService in a manually instantiated DaoAuthenticationProvider.
2024-07-30 09:57:41.297  WARN THV --- [           main] o.s.w.s.PageNotFound                     : No mapping for POST /api/subscriptions/view-sub
2024-07-30 09:57:41.297  WARN THV --- [           main] o.s.w.s.PageNotFound                     : No endpoint POST /api/subscriptions/view-sub.
